[0.014s] Invoking command in '/home/lee/robot_ws/src/lifecycle_cpp_test/build/lifecycle_cpp_test': CMAKE_PREFIX_PATH=${CMAKE_PREFIX_PATH}:/home/lee/robot_ws/install/topic_service_action_rclpy_example:/home/lee/robot_ws/install/time_rclpy_example:/home/lee/robot_ws/install/tf2_rclpy_example:/home/lee/robot_ws/install/test_lee_rclpy:/home/lee/robot_ws/install/ros2env:/home/lee/robot_ws/install/my_first_ros_rclpy_pkg:/home/lee/robot_ws/install/logging_rclpy_example:/opt/ros/foxy /usr/bin/cmake --build /home/lee/robot_ws/src/lifecycle_cpp_test/build/lifecycle_cpp_test -- -j12 -l12
[0.048s] [35m[1mScanning dependencies of target lifecycle_service_client[0m
[0.062s] [ 33%] Built target lifecycle_listener
[0.064s] [ 66%] Built target lifecycle_talker
[0.068s] [ 83%] [32mBuilding CXX object CMakeFiles/lifecycle_service_client.dir/src/lifecycle_service_client.cpp.o[0m
[0.997s] [01m[K/home/lee/robot_ws/src/lifecycle_cpp_test/src/lifecycle_service_client.cpp:[m[K In function â€˜[01m[Kint main(int, char**)[m[Kâ€™:
[0.997s] [01m[K/home/lee/robot_ws/src/lifecycle_cpp_test/src/lifecycle_service_client.cpp:266:36:[m[K [01;31m[Kerror: [m[Kâ€˜[01m[KTimeT[m[Kâ€™ was not declared in this scope
[0.997s]   266 |     std::chrono::duration<int64_t, [01;31m[KTimeT[m[K> timeout = std::chrono::duration<int64_t, TimeT>(1000);
[0.997s]       |                                    [01;31m[K^~~~~[m[K
[0.997s] [01m[K/home/lee/robot_ws/src/lifecycle_cpp_test/src/lifecycle_service_client.cpp:266:41:[m[K [01;31m[Kerror: [m[Ktemplate argument 2 is invalid
[0.997s]   266 |     std::chrono::duration<int64_t, TimeT[01;31m[K>[m[K timeout = std::chrono::duration<int64_t, TimeT>(1000);
[0.997s]       |                                         [01;31m[K^[m[K
[1.005s] [01m[K/home/lee/robot_ws/src/lifecycle_cpp_test/src/lifecycle_service_client.cpp:273:53:[m[K [01;31m[Kerror: [m[Kno matching function for call to â€˜[01m[Krclcpp::executors::SingleThreadedExecutor::spin_until_future_complete(std::shared_future<void>&, int&)[m[Kâ€™
[1.005s]   273 |       exe.spin_until_future_complete(script, timeout[01;31m[K)[m[K;
[1.005s]       |                                                     [01;31m[K^[m[K
[1.005s] In file included from [01m[K/opt/ros/foxy/include/rclcpp/executors/multi_threaded_executor.hpp:26[m[K,
[1.006s]                  from [01m[K/opt/ros/foxy/include/rclcpp/executors.hpp:21[m[K,
[1.006s]                  from [01m[K/opt/ros/foxy/include/rclcpp/rclcpp.hpp:146[m[K,
[1.006s]                  from [01m[K/home/lee/robot_ws/src/lifecycle_cpp_test/src/lifecycle_service_client.cpp:25[m[K:
[1.006s] [01m[K/opt/ros/foxy/include/rclcpp/executor.hpp:194:3:[m[K [01;36m[Knote: [m[Kcandidate: â€˜[01m[Ktemplate<class ResponseT, class TimeRepT, class TimeT> rclcpp::FutureReturnCode rclcpp::Executor::spin_until_future_complete(const std::shared_future<_Res>&, std::chrono::duration<_Rep, _Period>)[m[Kâ€™
[1.006s]   194 |   [01;36m[Kspin_until_future_complete[m[K(
[1.006s]       |   [01;36m[K^~~~~~~~~~~~~~~~~~~~~~~~~~[m[K
[1.006s] [01m[K/opt/ros/foxy/include/rclcpp/executor.hpp:194:3:[m[K [01;36m[Knote: [m[K  template argument deduction/substitution failed:
[1.006s] [01m[K/home/lee/robot_ws/src/lifecycle_cpp_test/src/lifecycle_service_client.cpp:273:53:[m[K [01;36m[Knote: [m[K  mismatched types â€˜[01m[Kstd::chrono::duration<_Rep, _Period>[m[Kâ€™ and â€˜[01m[Kint[m[Kâ€™
[1.006s]   273 |       exe.spin_until_future_complete(script, timeout[01;36m[K)[m[K;
[1.006s]       |                                                     [01;36m[K^[m[K
[1.653s] make[2]: *** [CMakeFiles/lifecycle_service_client.dir/build.make:63: CMakeFiles/lifecycle_service_client.dir/src/lifecycle_service_client.cpp.o] Error 1
[1.653s] make[1]: *** [CMakeFiles/Makefile2:163: CMakeFiles/lifecycle_service_client.dir/all] Error 2
[1.653s] make: *** [Makefile:141: all] Error 2
[1.654s] Invoked command in '/home/lee/robot_ws/src/lifecycle_cpp_test/build/lifecycle_cpp_test' returned '2': CMAKE_PREFIX_PATH=${CMAKE_PREFIX_PATH}:/home/lee/robot_ws/install/topic_service_action_rclpy_example:/home/lee/robot_ws/install/time_rclpy_example:/home/lee/robot_ws/install/tf2_rclpy_example:/home/lee/robot_ws/install/test_lee_rclpy:/home/lee/robot_ws/install/ros2env:/home/lee/robot_ws/install/my_first_ros_rclpy_pkg:/home/lee/robot_ws/install/logging_rclpy_example:/opt/ros/foxy /usr/bin/cmake --build /home/lee/robot_ws/src/lifecycle_cpp_test/build/lifecycle_cpp_test -- -j12 -l12
