[0.015s] Invoking command in '/home/lee/robot_ws/src/lifecycle_cpp_test/build/lifecycle_cpp_test': CMAKE_PREFIX_PATH=${CMAKE_PREFIX_PATH}:/home/lee/robot_ws/install/topic_service_action_rclpy_example:/home/lee/robot_ws/install/time_rclpy_example:/home/lee/robot_ws/install/tf2_rclpy_example:/home/lee/robot_ws/install/test_lee_rclpy:/home/lee/robot_ws/install/ros2env:/home/lee/robot_ws/install/my_first_ros_rclpy_pkg:/home/lee/robot_ws/install/logging_rclpy_example:/opt/ros/foxy /usr/bin/cmake --build /home/lee/robot_ws/src/lifecycle_cpp_test/build/lifecycle_cpp_test -- -j12 -l12
[0.047s] [35m[1mScanning dependencies of target lifecycle_service_client[0m
[0.068s] [ 33%] Built target lifecycle_talker
[0.069s] [ 66%] Built target lifecycle_listener
[0.082s] [ 83%] [32mBuilding CXX object CMakeFiles/lifecycle_service_client.dir/src/lifecycle_service_client.cpp.o[0m
[1.024s] [01m[K/home/lee/robot_ws/src/lifecycle_cpp_test/src/lifecycle_service_client.cpp:[m[K In function â€˜[01m[Kint main(int, char**)[m[Kâ€™:
[1.024s] [01m[K/home/lee/robot_ws/src/lifecycle_cpp_test/src/lifecycle_service_client.cpp:266:26:[m[K [01;31m[Kerror: [m[Kconversion from â€˜[01m[Kint[m[Kâ€™ to non-scalar type â€˜[01m[Kstd::milli[m[Kâ€™ {aka â€˜[01m[Kstd::ratio<1, 1000>[m[Kâ€™} requested
[1.024s]   266 |     std::milli timeout = [01;31m[K1000[m[K;
[1.024s]       |                          [01;31m[K^~~~[m[K
[1.031s] [01m[K/home/lee/robot_ws/src/lifecycle_cpp_test/src/lifecycle_service_client.cpp:273:53:[m[K [01;31m[Kerror: [m[Kno matching function for call to â€˜[01m[Krclcpp::executors::SingleThreadedExecutor::spin_until_future_complete(std::shared_future<void>&, std::milli&)[m[Kâ€™
[1.031s]   273 |       exe.spin_until_future_complete(script, timeout[01;31m[K)[m[K;
[1.032s]       |                                                     [01;31m[K^[m[K
[1.032s] In file included from [01m[K/opt/ros/foxy/include/rclcpp/executors/multi_threaded_executor.hpp:26[m[K,
[1.032s]                  from [01m[K/opt/ros/foxy/include/rclcpp/executors.hpp:21[m[K,
[1.032s]                  from [01m[K/opt/ros/foxy/include/rclcpp/rclcpp.hpp:146[m[K,
[1.032s]                  from [01m[K/home/lee/robot_ws/src/lifecycle_cpp_test/src/lifecycle_service_client.cpp:25[m[K:
[1.032s] [01m[K/opt/ros/foxy/include/rclcpp/executor.hpp:194:3:[m[K [01;36m[Knote: [m[Kcandidate: â€˜[01m[Ktemplate<class ResponseT, class TimeRepT, class TimeT> rclcpp::FutureReturnCode rclcpp::Executor::spin_until_future_complete(const std::shared_future<_Res>&, std::chrono::duration<_Rep, _Period>)[m[Kâ€™
[1.032s]   194 |   [01;36m[Kspin_until_future_complete[m[K(
[1.032s]       |   [01;36m[K^~~~~~~~~~~~~~~~~~~~~~~~~~[m[K
[1.032s] [01m[K/opt/ros/foxy/include/rclcpp/executor.hpp:194:3:[m[K [01;36m[Knote: [m[K  template argument deduction/substitution failed:
[1.032s] [01m[K/home/lee/robot_ws/src/lifecycle_cpp_test/src/lifecycle_service_client.cpp:273:53:[m[K [01;36m[Knote: [m[K  â€˜[01m[Kstd::ratio<1, 1000>[m[Kâ€™ is not derived from â€˜[01m[Kstd::chrono::duration<_Rep, _Period>[m[Kâ€™
[1.032s]   273 |       exe.spin_until_future_complete(script, timeout[01;36m[K)[m[K;
[1.033s]       |                                                     [01;36m[K^[m[K
[1.648s] make[2]: *** [CMakeFiles/lifecycle_service_client.dir/build.make:63: CMakeFiles/lifecycle_service_client.dir/src/lifecycle_service_client.cpp.o] Error 1
[1.649s] make[1]: *** [CMakeFiles/Makefile2:163: CMakeFiles/lifecycle_service_client.dir/all] Error 2
[1.649s] make: *** [Makefile:141: all] Error 2
[1.650s] Invoked command in '/home/lee/robot_ws/src/lifecycle_cpp_test/build/lifecycle_cpp_test' returned '2': CMAKE_PREFIX_PATH=${CMAKE_PREFIX_PATH}:/home/lee/robot_ws/install/topic_service_action_rclpy_example:/home/lee/robot_ws/install/time_rclpy_example:/home/lee/robot_ws/install/tf2_rclpy_example:/home/lee/robot_ws/install/test_lee_rclpy:/home/lee/robot_ws/install/ros2env:/home/lee/robot_ws/install/my_first_ros_rclpy_pkg:/home/lee/robot_ws/install/logging_rclpy_example:/opt/ros/foxy /usr/bin/cmake --build /home/lee/robot_ws/src/lifecycle_cpp_test/build/lifecycle_cpp_test -- -j12 -l12
