[0.015s] Invoking command in '/home/lee/robot_ws/src/lifecycle_cpp_test/build/lifecycle_cpp_test': CMAKE_PREFIX_PATH=${CMAKE_PREFIX_PATH}:/home/lee/robot_ws/install/topic_service_action_rclpy_example:/home/lee/robot_ws/install/time_rclpy_example:/home/lee/robot_ws/install/tf2_rclpy_example:/home/lee/robot_ws/install/test_lee_rclpy:/home/lee/robot_ws/install/ros2env:/home/lee/robot_ws/install/my_first_ros_rclpy_pkg:/home/lee/robot_ws/install/logging_rclpy_example:/opt/ros/foxy /usr/bin/cmake --build /home/lee/robot_ws/src/lifecycle_cpp_test/build/lifecycle_cpp_test -- -j12 -l12
[0.055s] [35m[1mScanning dependencies of target lifecycle_service_client[0m
[0.072s] [ 33%] Built target lifecycle_listener
[0.077s] [ 66%] Built target lifecycle_talker
[0.083s] [ 83%] [32mBuilding CXX object CMakeFiles/lifecycle_service_client.dir/src/lifecycle_service_client.cpp.o[0m
[1.067s] [01m[K/home/lee/robot_ws/src/lifecycle_cpp_test/src/lifecycle_service_client.cpp:[m[K In function â€˜[01m[Kint main(int, char**)[m[Kâ€™:
[1.067s] [01m[K/home/lee/robot_ws/src/lifecycle_cpp_test/src/lifecycle_service_client.cpp:272:68:[m[K [01;31m[Kerror: [m[Kâ€˜[01m[KTimeRepT[m[Kâ€™ was not declared in this scope
[1.067s]   272 |       exe.spin_until_future_complete(script, std::chrono::duration<[01;31m[KTimeRepT[m[K, TimeT> (0));
[1.067s]       |                                                                    [01;31m[K^~~~~~~~[m[K
[1.068s] [01m[K/home/lee/robot_ws/src/lifecycle_cpp_test/src/lifecycle_service_client.cpp:272:78:[m[K [01;31m[Kerror: [m[Kâ€˜[01m[KTimeT[m[Kâ€™ was not declared in this scope
[1.068s]   272 |       exe.spin_until_future_complete(script, std::chrono::duration<TimeRepT, [01;31m[KTimeT[m[K> (0));
[1.068s]       |                                                                              [01;31m[K^~~~~[m[K
[1.068s] [01m[K/home/lee/robot_ws/src/lifecycle_cpp_test/src/lifecycle_service_client.cpp:272:83:[m[K [01;31m[Kerror: [m[Ktemplate argument 1 is invalid
[1.068s]   272 |       exe.spin_until_future_complete(script, std::chrono::duration<TimeRepT, TimeT[01;31m[K>[m[K (0));
[1.068s]       |                                                                                   [01;31m[K^[m[K
[1.068s] [01m[K/home/lee/robot_ws/src/lifecycle_cpp_test/src/lifecycle_service_client.cpp:272:83:[m[K [01;31m[Kerror: [m[Ktemplate argument 2 is invalid
[1.720s] make[2]: *** [CMakeFiles/lifecycle_service_client.dir/build.make:63: CMakeFiles/lifecycle_service_client.dir/src/lifecycle_service_client.cpp.o] Error 1
[1.720s] make[1]: *** [CMakeFiles/Makefile2:163: CMakeFiles/lifecycle_service_client.dir/all] Error 2
[1.720s] make: *** [Makefile:141: all] Error 2
[1.722s] Invoked command in '/home/lee/robot_ws/src/lifecycle_cpp_test/build/lifecycle_cpp_test' returned '2': CMAKE_PREFIX_PATH=${CMAKE_PREFIX_PATH}:/home/lee/robot_ws/install/topic_service_action_rclpy_example:/home/lee/robot_ws/install/time_rclpy_example:/home/lee/robot_ws/install/tf2_rclpy_example:/home/lee/robot_ws/install/test_lee_rclpy:/home/lee/robot_ws/install/ros2env:/home/lee/robot_ws/install/my_first_ros_rclpy_pkg:/home/lee/robot_ws/install/logging_rclpy_example:/opt/ros/foxy /usr/bin/cmake --build /home/lee/robot_ws/src/lifecycle_cpp_test/build/lifecycle_cpp_test -- -j12 -l12
